2021-11-10 19:47:59,469 [INFO] Activator:177 - 


2021-11-10 19:47:59,470 [INFO] Activator:178 - !SESSION log4j initialized
2021-11-10 19:48:04,262 [INFO] McuFinderGlobals:39 - Set McuFinder mode to 2 (CubeIDE integrated)
2021-11-10 19:48:05,619 [INFO] ApplicationProperties:181 - Using Application install path: C:\ST\STM32CubeIDE_1.7.0\STM32CubeIDE\plugins\com.st.stm32cube.common.mx_6.3.0.202107141111
2021-11-10 19:48:05,626 [INFO] DbMcusXml:74 - Set database path to: C:\ST\STM32CubeIDE_1.7.0\STM32CubeIDE\plugins\com.st.stm32cube.common.mx_6.3.0.202107141111\\db\/mcu/
2021-11-10 19:48:05,628 [INFO] DbBoardsPdsc:56 - Set plugin database path to: C:\ST\STM32CubeIDE_1.7.0\STM32CubeIDE\plugins\com.st.stm32cube.common.mx_6.3.0.202107141111\\db\/plugins/boardmanager/
2021-11-10 19:48:05,629 [INFO] DbMcus:258 - Set plugin images path to: C:\ST\STM32CubeIDE_1.7.0\STM32CubeIDE\plugins\com.st.stm32cube.common.mx_6.3.0.202107141111\\db\/plugins/mcufinder/images/
2021-11-10 19:48:05,629 [INFO] DbBoards:264 - Set plugin images path to: C:\ST\STM32CubeIDE_1.7.0\STM32CubeIDE\plugins\com.st.stm32cube.common.mx_6.3.0.202107141111\\db\/plugins/mcufinder/images/
2021-11-10 19:48:05,631 [INFO] DbExamples:333 - Set plugin images path to: C:\ST\STM32CubeIDE_1.7.0\STM32CubeIDE\plugins\com.st.stm32cube.common.mx_6.3.0.202107141111\\db\/plugins/mcufinder/images/
2021-11-10 19:48:05,634 [INFO] DbMcusAds:119 - Set database path to: C:\Users\neil\.stmcufinder\plugins\mcufinder//mcu/
2021-11-10 19:48:05,635 [INFO] DbMcusDocs:110 - Set database path to: C:\Users\neil\.stmcufinder\plugins\mcufinder//mcu/
2021-11-10 19:48:05,636 [INFO] DbMcusJson:64 - Set database path to: C:\Users\neil\.stmcufinder\plugins\mcufinder//mcu/
2021-11-10 19:48:05,636 [INFO] DbBoardsDocs:110 - Set database path to: C:\Users\neil\.stmcufinder\plugins\mcufinder//mcu/
2021-11-10 19:48:05,637 [INFO] DbBoardsJson:57 - Set database path to: C:\Users\neil\.stmcufinder\plugins\mcufinder//mcu/
2021-11-10 19:48:12,205 [INFO] CrossReferenceDbSqlite:196 - Set database path to: C:\Users\neil\.stmcufinder\plugins\mcufinder//mcu/cs/
2021-11-10 19:48:12,208 [INFO] DbExamplesSqlite:767 - Set database path to: C:\Users\neil\.stmcufinder\plugins\mcufinder//mcu/
2021-11-10 19:48:12,282 [INFO] RulesReader:57 - Compatibility file has been processed (242 Rules)
2021-11-10 19:48:12,339 [INFO] DbMcusXml:74 - Set database path to: C:\ST\STM32CubeIDE_1.7.0\STM32CubeIDE\plugins\com.st.stm32cube.common.mx_6.3.0.202107141111\\db\/mcu/
2021-11-10 19:48:12,340 [INFO] DbBoardsPdsc:56 - Set plugin database path to: C:\ST\STM32CubeIDE_1.7.0\STM32CubeIDE\plugins\com.st.stm32cube.common.mx_6.3.0.202107141111\\db\/plugins/boardmanager/
2021-11-10 19:48:12,340 [INFO] DbMcus:258 - Set plugin images path to: C:\ST\STM32CubeIDE_1.7.0\STM32CubeIDE\plugins\com.st.stm32cube.common.mx_6.3.0.202107141111\\db\/plugins/mcufinder/images/
2021-11-10 19:48:12,340 [INFO] DbBoards:264 - Set plugin images path to: C:\ST\STM32CubeIDE_1.7.0\STM32CubeIDE\plugins\com.st.stm32cube.common.mx_6.3.0.202107141111\\db\/plugins/mcufinder/images/
2021-11-10 19:48:12,340 [INFO] DbExamples:333 - Set plugin images path to: C:\ST\STM32CubeIDE_1.7.0\STM32CubeIDE\plugins\com.st.stm32cube.common.mx_6.3.0.202107141111\\db\/plugins/mcufinder/images/
2021-11-10 19:48:12,340 [WARN] DbFile:35 - Overriding database path with different value: C:\Users\neil\.stmcufinder\plugins\mcufinder/ => C:\Users\neil\.stmcufinder\plugins\mcufinder
2021-11-10 19:48:12,340 [INFO] DbMcusAds:119 - Set database path to: C:\Users\neil\.stmcufinder\plugins\mcufinder//mcu/
2021-11-10 19:48:12,340 [WARN] DbFile:35 - Overriding database path with different value: C:\Users\neil\.stmcufinder\plugins\mcufinder/ => C:\Users\neil\.stmcufinder\plugins\mcufinder
2021-11-10 19:48:12,340 [INFO] DbMcusDocs:110 - Set database path to: C:\Users\neil\.stmcufinder\plugins\mcufinder//mcu/
2021-11-10 19:48:12,340 [WARN] DbFile:35 - Overriding database path with different value: C:\Users\neil\.stmcufinder\plugins\mcufinder/ => C:\Users\neil\.stmcufinder\plugins\mcufinder
2021-11-10 19:48:12,341 [INFO] DbMcusJson:64 - Set database path to: C:\Users\neil\.stmcufinder\plugins\mcufinder//mcu/
2021-11-10 19:48:12,341 [WARN] DbFile:35 - Overriding database path with different value: C:\Users\neil\.stmcufinder\plugins\mcufinder/ => C:\Users\neil\.stmcufinder\plugins\mcufinder
2021-11-10 19:48:12,341 [INFO] DbBoardsDocs:110 - Set database path to: C:\Users\neil\.stmcufinder\plugins\mcufinder//mcu/
2021-11-10 19:48:12,341 [WARN] DbFile:35 - Overriding database path with different value: C:\Users\neil\.stmcufinder\plugins\mcufinder/ => C:\Users\neil\.stmcufinder\plugins\mcufinder
2021-11-10 19:48:12,341 [INFO] DbBoardsJson:57 - Set database path to: C:\Users\neil\.stmcufinder\plugins\mcufinder//mcu/
2021-11-10 19:48:12,341 [WARN] DbFile:35 - Overriding database path with different value: C:\Users\neil\.stmcufinder\plugins\mcufinder/ => C:\Users\neil\.stmcufinder\plugins\mcufinder
2021-11-10 19:48:12,341 [WARN] DbFile:35 - Overriding database path with different value: C:\Users\neil\.stmcufinder\plugins\mcufinder/ => C:\Users\neil\.stmcufinder\plugins\mcufinder
2021-11-10 19:48:12,341 [INFO] CrossReferenceDbSqlite:196 - Set database path to: C:\Users\neil\.stmcufinder\plugins\mcufinder//mcu/cs/
2021-11-10 19:48:12,341 [WARN] DbFile:35 - Overriding database path with different value: C:\Users\neil\.stmcufinder\plugins\mcufinder/ => C:\Users\neil\.stmcufinder\plugins\mcufinder
2021-11-10 19:48:12,341 [INFO] DbExamplesSqlite:767 - Set database path to: C:\Users\neil\.stmcufinder\plugins\mcufinder//mcu/
2021-11-10 19:48:12,382 [INFO] MainPanel:214 - HeapMemory: 268435456
2021-11-10 19:48:12,428 [INFO] DbMcusXml:74 - Set database path to: C:\ST\STM32CubeIDE_1.7.0\STM32CubeIDE\plugins\com.st.stm32cube.common.mx_6.3.0.202107141111\\db\/mcu/
2021-11-10 19:48:12,428 [INFO] DbBoardsPdsc:56 - Set plugin database path to: C:\ST\STM32CubeIDE_1.7.0\STM32CubeIDE\plugins\com.st.stm32cube.common.mx_6.3.0.202107141111\\db\/plugins/boardmanager/
2021-11-10 19:48:12,428 [INFO] DbMcus:258 - Set plugin images path to: C:\ST\STM32CubeIDE_1.7.0\STM32CubeIDE\plugins\com.st.stm32cube.common.mx_6.3.0.202107141111\\db\/plugins/mcufinder/images/
2021-11-10 19:48:12,428 [INFO] DbBoards:264 - Set plugin images path to: C:\ST\STM32CubeIDE_1.7.0\STM32CubeIDE\plugins\com.st.stm32cube.common.mx_6.3.0.202107141111\\db\/plugins/mcufinder/images/
2021-11-10 19:48:12,429 [INFO] DbExamples:333 - Set plugin images path to: C:\ST\STM32CubeIDE_1.7.0\STM32CubeIDE\plugins\com.st.stm32cube.common.mx_6.3.0.202107141111\\db\/plugins/mcufinder/images/
2021-11-10 19:48:12,429 [WARN] DbFile:35 - Overriding database path with different value: C:\Users\neil\.stmcufinder\plugins\mcufinder/ => C:\Users\neil\.stmcufinder\plugins\mcufinder
2021-11-10 19:48:12,429 [INFO] DbMcusAds:119 - Set database path to: C:\Users\neil\.stmcufinder\plugins\mcufinder//mcu/
2021-11-10 19:48:12,429 [WARN] DbFile:35 - Overriding database path with different value: C:\Users\neil\.stmcufinder\plugins\mcufinder/ => C:\Users\neil\.stmcufinder\plugins\mcufinder
2021-11-10 19:48:12,429 [INFO] DbMcusDocs:110 - Set database path to: C:\Users\neil\.stmcufinder\plugins\mcufinder//mcu/
2021-11-10 19:48:12,429 [WARN] DbFile:35 - Overriding database path with different value: C:\Users\neil\.stmcufinder\plugins\mcufinder/ => C:\Users\neil\.stmcufinder\plugins\mcufinder
2021-11-10 19:48:12,429 [INFO] DbMcusJson:64 - Set database path to: C:\Users\neil\.stmcufinder\plugins\mcufinder//mcu/
2021-11-10 19:48:12,429 [WARN] DbFile:35 - Overriding database path with different value: C:\Users\neil\.stmcufinder\plugins\mcufinder/ => C:\Users\neil\.stmcufinder\plugins\mcufinder
2021-11-10 19:48:12,429 [INFO] DbBoardsDocs:110 - Set database path to: C:\Users\neil\.stmcufinder\plugins\mcufinder//mcu/
2021-11-10 19:48:12,429 [WARN] DbFile:35 - Overriding database path with different value: C:\Users\neil\.stmcufinder\plugins\mcufinder/ => C:\Users\neil\.stmcufinder\plugins\mcufinder
2021-11-10 19:48:12,430 [INFO] DbBoardsJson:57 - Set database path to: C:\Users\neil\.stmcufinder\plugins\mcufinder//mcu/
2021-11-10 19:48:12,430 [WARN] DbFile:35 - Overriding database path with different value: C:\Users\neil\.stmcufinder\plugins\mcufinder/ => C:\Users\neil\.stmcufinder\plugins\mcufinder
2021-11-10 19:48:12,430 [WARN] DbFile:35 - Overriding database path with different value: C:\Users\neil\.stmcufinder\plugins\mcufinder/ => C:\Users\neil\.stmcufinder\plugins\mcufinder
2021-11-10 19:48:12,430 [INFO] CrossReferenceDbSqlite:196 - Set database path to: C:\Users\neil\.stmcufinder\plugins\mcufinder//mcu/cs/
2021-11-10 19:48:12,430 [WARN] DbFile:35 - Overriding database path with different value: C:\Users\neil\.stmcufinder\plugins\mcufinder/ => C:\Users\neil\.stmcufinder\plugins\mcufinder
2021-11-10 19:48:12,430 [INFO] DbExamplesSqlite:767 - Set database path to: C:\Users\neil\.stmcufinder\plugins\mcufinder//mcu/
2021-11-10 19:48:12,443 [INFO] ApplicationProperties:181 - Using Application install path: C:\ST\STM32CubeIDE_1.7.0\STM32CubeIDE\plugins\com.st.stm32cube.common.mx_6.3.0.202107141111
2021-11-10 19:48:12,444 [INFO] PluginManage:188 - Search for loadable plugins [exclusion list=, ]
2021-11-10 19:48:12,445 [INFO] PluginManage:302 - Check plugin analytics
2021-11-10 19:48:12,560 [INFO] AnalyticsPlugin:257 - Accepted Software Licenses: 
2021-11-10 19:48:12,560 [INFO] AnalyticsPlugin:259 - Accepted CMSIS Pack Licenses: 
2021-11-10 19:48:12,560 [INFO] AnalyticsPlugin:261 - Accepted Firmware Licenses: 
2021-11-10 19:48:12,561 [INFO] PluginManage:352 - Loaded plugin analytics (category:tool,tabindex:-1)
2021-11-10 19:48:12,561 [INFO] PluginManage:302 - Check plugin clock
2021-11-10 19:48:12,569 [INFO] PluginManage:352 - Loaded plugin clock (category:base,tabindex:2)
2021-11-10 19:48:12,569 [INFO] PluginManage:302 - Check plugin ddr
2021-11-10 19:48:12,570 [INFO] PluginManage:352 - Loaded plugin ddr (category:tool,tabindex:6)
2021-11-10 19:48:12,570 [INFO] PluginManage:302 - Check plugin filemanager
2021-11-10 19:48:12,653 [INFO] PluginManage:352 - Loaded plugin filemanager (category:base,tabindex:10)
2021-11-10 19:48:12,654 [INFO] PluginManage:302 - Check plugin ipmanager
2021-11-10 19:48:12,659 [INFO] PluginManage:352 - Loaded plugin ipmanager (category:base,tabindex:5)
2021-11-10 19:48:12,659 [INFO] PluginManage:302 - Check plugin pinoutandconfiguration
2021-11-10 19:48:12,664 [INFO] PluginManage:352 - Loaded plugin pinoutandconfiguration (category:base,tabindex:1)
2021-11-10 19:48:12,664 [INFO] PluginManage:302 - Check plugin pinoutconfig
2021-11-10 19:48:12,683 [INFO] PluginManage:352 - Loaded plugin pinoutconfig (category:base,tabindex:0)
2021-11-10 19:48:12,683 [INFO] PluginManage:302 - Check plugin power
2021-11-10 19:48:12,689 [INFO] PluginManage:352 - Loaded plugin power (category:power,tabindex:4)
2021-11-10 19:48:12,689 [INFO] PluginManage:302 - Check plugin projectmanager
2021-11-10 19:48:12,701 [INFO] PluginManage:352 - Loaded plugin projectmanager (category:projectmanager,tabindex:3)
2021-11-10 19:48:12,701 [INFO] PluginManage:302 - Check plugin thirdparty
2021-11-10 19:48:12,775 [WARN] IntegrityCheckThread:78 - waiting for thirdparty lock release [integrity check]
2021-11-10 19:48:12,775 [INFO] PluginManage:352 - Loaded plugin thirdparty (category:base,tabindex:-1)
2021-11-10 19:48:12,776 [INFO] PluginManage:302 - Check plugin tools
2021-11-10 19:48:12,776 [INFO] IntegrityCheckThread:80 - entering critical section [integrity check]
2021-11-10 19:48:12,776 [INFO] ThirdPartyUpdaterWithRetryManager:66 - Updater plugin not ready yet. [1/15]
2021-11-10 19:48:12,777 [INFO] PluginManage:352 - Loaded plugin tools (category:base,tabindex:7)
2021-11-10 19:48:12,777 [INFO] PluginManage:302 - Check plugin tutovideos
2021-11-10 19:48:12,934 [INFO] PluginManage:352 - Loaded plugin tutovideos (category:base,tabindex:-1)
2021-11-10 19:48:12,935 [INFO] PluginManage:302 - Check plugin updater
2021-11-10 19:48:12,942 [INFO] PluginManage:352 - Loaded plugin updater (category:base,tabindex:12)
2021-11-10 19:48:12,943 [INFO] PluginManage:275 - PluginManage : Loaded plugins [13]
2021-11-10 19:48:13,057 [INFO] PinOutPanel:1463 - setPackage(No Configuration,No Configuration)
2021-11-10 19:48:13,115 [INFO] IPUIPlugin:74 - create IPUIPlugin
2021-11-10 19:48:13,115 [INFO] PluginManager:213 - loadIPPluginJar : add adc
2021-11-10 19:48:13,117 [INFO] IPUIPlugin:74 - create IPUIPlugin
2021-11-10 19:48:13,117 [INFO] PluginManager:213 - loadIPPluginJar : add aes
2021-11-10 19:48:13,119 [INFO] IPUIPlugin:74 - create IPUIPlugin
2021-11-10 19:48:13,119 [INFO] PluginManager:213 - loadIPPluginJar : add can
2021-11-10 19:48:13,120 [INFO] IPUIPlugin:74 - create IPUIPlugin
2021-11-10 19:48:13,120 [INFO] PluginManager:213 - loadIPPluginJar : add comp
2021-11-10 19:48:13,121 [INFO] IPUIPlugin:74 - create IPUIPlugin
2021-11-10 19:48:13,122 [INFO] PluginManager:213 - loadIPPluginJar : add cryp
2021-11-10 19:48:13,123 [INFO] IPUIPlugin:74 - create IPUIPlugin
2021-11-10 19:48:13,123 [INFO] PluginManager:213 - loadIPPluginJar : add dfsdm
2021-11-10 19:48:13,127 [INFO] IPUIPlugin:74 - create IPUIPlugin
2021-11-10 19:48:13,127 [INFO] PluginManager:213 - loadIPPluginJar : add dma
2021-11-10 19:48:13,129 [INFO] IPUIPlugin:74 - create IPUIPlugin
2021-11-10 19:48:13,129 [INFO] PluginManager:213 - loadIPPluginJar : add dma3
2021-11-10 19:48:13,130 [INFO] IPUIPlugin:74 - create IPUIPlugin
2021-11-10 19:48:13,130 [INFO] PluginManager:213 - loadIPPluginJar : add fatfs
2021-11-10 19:48:13,133 [INFO] IPUIPlugin:74 - create IPUIPlugin
2021-11-10 19:48:13,133 [INFO] PluginManager:213 - loadIPPluginJar : add fmc
2021-11-10 19:48:13,137 [INFO] IPUIPlugin:74 - create IPUIPlugin
2021-11-10 19:48:13,137 [INFO] PluginManager:213 - loadIPPluginJar : add freertos
2021-11-10 19:48:13,138 [INFO] IPUIPlugin:74 - create IPUIPlugin
2021-11-10 19:48:13,138 [INFO] PluginManager:213 - loadIPPluginJar : add genericplugin
2021-11-10 19:48:13,140 [INFO] IPUIPlugin:74 - create IPUIPlugin
2021-11-10 19:48:13,140 [INFO] PluginManager:213 - loadIPPluginJar : add gfxmmu
2021-11-10 19:48:13,143 [INFO] IPUIPlugin:74 - create IPUIPlugin
2021-11-10 19:48:13,144 [INFO] PluginManager:213 - loadIPPluginJar : add gic
2021-11-10 19:48:13,146 [INFO] IPUIPlugin:74 - create IPUIPlugin
2021-11-10 19:48:13,146 [INFO] PluginManager:213 - loadIPPluginJar : add gpio
2021-11-10 19:48:13,148 [INFO] IPUIPlugin:74 - create IPUIPlugin
2021-11-10 19:48:13,148 [INFO] PluginManager:213 - loadIPPluginJar : add gtzc
2021-11-10 19:48:13,150 [INFO] IPUIPlugin:74 - create IPUIPlugin
2021-11-10 19:48:13,150 [INFO] PluginManager:213 - loadIPPluginJar : add hash
2021-11-10 19:48:13,152 [INFO] IPUIPlugin:74 - create IPUIPlugin
2021-11-10 19:48:13,152 [INFO] PluginManager:213 - loadIPPluginJar : add i2c
2021-11-10 19:48:13,153 [INFO] IPUIPlugin:74 - create IPUIPlugin
2021-11-10 19:48:13,154 [INFO] PluginManager:213 - loadIPPluginJar : add i2s
2021-11-10 19:48:13,155 [INFO] IPUIPlugin:74 - create IPUIPlugin
2021-11-10 19:48:13,156 [INFO] PluginManager:213 - loadIPPluginJar : add ipddr
2021-11-10 19:48:13,160 [INFO] IPUIPlugin:74 - create IPUIPlugin
2021-11-10 19:48:13,160 [INFO] PluginManager:213 - loadIPPluginJar : add linkedlist
2021-11-10 19:48:13,162 [INFO] IPUIPlugin:74 - create IPUIPlugin
2021-11-10 19:48:13,162 [INFO] PluginManager:213 - loadIPPluginJar : add lorawan
2021-11-10 19:48:13,163 [INFO] IPUIPlugin:74 - create IPUIPlugin
2021-11-10 19:48:13,163 [INFO] PluginManager:213 - loadIPPluginJar : add ltdc
2021-11-10 19:48:13,165 [INFO] IPUIPlugin:74 - create IPUIPlugin
2021-11-10 19:48:13,165 [INFO] PluginManager:213 - loadIPPluginJar : add mdma
2021-11-10 19:48:13,168 [INFO] IPUIPlugin:74 - create IPUIPlugin
2021-11-10 19:48:13,168 [INFO] PluginManager:213 - loadIPPluginJar : add nvic
2021-11-10 19:48:13,169 [INFO] IPUIPlugin:74 - create IPUIPlugin
2021-11-10 19:48:13,169 [INFO] PluginManager:213 - loadIPPluginJar : add opamp
2021-11-10 19:48:13,172 [INFO] IPUIPlugin:74 - create IPUIPlugin
2021-11-10 19:48:13,172 [INFO] PluginManager:213 - loadIPPluginJar : add openamp
2021-11-10 19:48:13,174 [INFO] IPUIPlugin:74 - create IPUIPlugin
2021-11-10 19:48:13,174 [INFO] PluginManager:213 - loadIPPluginJar : add pdm2pcm
2021-11-10 19:48:13,178 [INFO] IPUIPlugin:74 - create IPUIPlugin
2021-11-10 19:48:13,179 [INFO] PluginManager:213 - loadIPPluginJar : add plateformsettings
2021-11-10 19:48:13,180 [INFO] IPUIPlugin:74 - create IPUIPlugin
2021-11-10 19:48:13,180 [INFO] PluginManager:213 - loadIPPluginJar : add quadspi
2021-11-10 19:48:13,183 [INFO] IPUIPlugin:74 - create IPUIPlugin
2021-11-10 19:48:13,183 [INFO] PluginManager:213 - loadIPPluginJar : add resmgrutility
2021-11-10 19:48:13,185 [INFO] IPUIPlugin:74 - create IPUIPlugin
2021-11-10 19:48:13,185 [INFO] PluginManager:213 - loadIPPluginJar : add sai
2021-11-10 19:48:13,186 [INFO] IPUIPlugin:74 - create IPUIPlugin
2021-11-10 19:48:13,187 [INFO] PluginManager:213 - loadIPPluginJar : add spi
2021-11-10 19:48:13,189 [INFO] IPUIPlugin:74 - create IPUIPlugin
2021-11-10 19:48:13,189 [INFO] PluginManager:213 - loadIPPluginJar : add stm32_wpan
2021-11-10 19:48:13,190 [INFO] IPUIPlugin:74 - create IPUIPlugin
2021-11-10 19:48:13,190 [INFO] PluginManager:213 - loadIPPluginJar : add tim
2021-11-10 19:48:13,192 [INFO] IPUIPlugin:74 - create IPUIPlugin
2021-11-10 19:48:13,192 [INFO] PluginManager:213 - loadIPPluginJar : add touchsensing
2021-11-10 19:48:13,194 [INFO] IPUIPlugin:74 - create IPUIPlugin
2021-11-10 19:48:13,194 [INFO] PluginManager:213 - loadIPPluginJar : add tracer_emb
2021-11-10 19:48:13,195 [INFO] IPUIPlugin:74 - create IPUIPlugin
2021-11-10 19:48:13,195 [INFO] PluginManager:213 - loadIPPluginJar : add ts
2021-11-10 19:48:13,196 [INFO] IPUIPlugin:74 - create IPUIPlugin
2021-11-10 19:48:13,196 [INFO] PluginManager:213 - loadIPPluginJar : add tsc
2021-11-10 19:48:13,197 [INFO] IPUIPlugin:74 - create IPUIPlugin
2021-11-10 19:48:13,197 [INFO] PluginManager:213 - loadIPPluginJar : add ucpd
2021-11-10 19:48:13,199 [INFO] IPUIPlugin:74 - create IPUIPlugin
2021-11-10 19:48:13,199 [INFO] PluginManager:213 - loadIPPluginJar : add usart
2021-11-10 19:48:13,201 [INFO] IPUIPlugin:74 - create IPUIPlugin
2021-11-10 19:48:13,201 [INFO] PluginManager:213 - loadIPPluginJar : add usbx
2021-11-10 19:48:13,415 [FATAL] Updater:294 - Updater called before beeing initialized
2021-11-10 19:48:13,486 [FATAL] Updater:294 - Updater called before beeing initialized
2021-11-10 19:48:13,489 [INFO] DbMcusAds:47 - JSON generation date=Wed May 12 03:32:49 NZST 2021 (1620747169502)
2021-11-10 19:48:13,489 [FATAL] Updater:294 - Updater called before beeing initialized
2021-11-10 19:48:13,517 [WARN] DetailPanel:314 - Failed to get advertising image, set to default
2021-11-10 19:48:13,590 [FATAL] Updater:294 - Updater called before beeing initialized
2021-11-10 19:48:13,591 [FATAL] Updater:294 - Updater called before beeing initialized
2021-11-10 19:48:13,592 [FATAL] Updater:294 - Updater called before beeing initialized
2021-11-10 19:48:13,592 [WARN] DetailPanel:314 - Failed to get advertising image, set to default
2021-11-10 19:48:13,593 [FATAL] Updater:294 - Updater called before beeing initialized
2021-11-10 19:48:13,627 [ERROR] Updater:1075 - MainUpdater not yet initialized. External WinMGr cannot be set.
2021-11-10 19:48:13,629 [INFO] Updater:1012 - Updater Version found : 6.3.0
2021-11-10 19:48:13,642 [INFO] ApplicationProperties:181 - Using Application install path: C:\ST\STM32CubeIDE_1.7.0\STM32CubeIDE\plugins\com.st.stm32cube.common.mx_6.3.0.202107141111
2021-11-10 19:48:13,784 [INFO] MainUpdater:2671 - connection check result : 10
2021-11-10 19:48:13,785 [INFO] MainUpdater:3359 - Updater definition file requires update
2021-11-10 19:48:13,785 [INFO] MainUpdater:265 - Updater Check For Update Now.
2021-11-10 19:48:13,785 [INFO] MicroXplorer:478 - Change Database Version : DB.6.0.30
2021-11-10 19:48:13,829 [INFO] ServerAccessManage:362 - Download File updaters.zip
2021-11-10 19:48:13,959 [INFO] FileExtend:235 - Unzip File : updaters.zip
2021-11-10 19:48:13,959 [INFO] FileExtend:250 - Standard Zip Deflate
2021-11-10 19:48:14,223 [INFO] ServerAccessManage:362 - Download File PacksControlFlags.xml
2021-11-10 19:48:14,282 [INFO] ServerAccessManage:362 - Download File cubemx.pidx
2021-11-10 19:48:14,334 [INFO] LoadServerUpdatesThread:339 - End of LoadServerUpdate Thread
2021-11-10 19:48:14,455 [INFO] CheckServerUpdateThread:112 - End of CheckServer Thread
2021-11-10 19:48:14,495 [INFO] MainUpdater:2671 - connection check result : 10
2021-11-10 19:48:14,496 [INFO] McuFinderGlobals:52 - Set McuFinderConnectedMode to true
2021-11-10 19:48:14,886 [INFO] ServerAccessManage:362 - Download File mcusAds.json._tmp_
2021-11-10 19:48:14,994 [INFO] LoadUrlFilesThread:145 - End of LoadUrlFiles Thread
2021-11-10 19:48:15,776 [WARN] MainUpdater:1122 - Updater busy. Cannot search thirdparties
2021-11-10 19:48:15,776 [INFO] ThirdPartyUpdaterWithRetryManager:92 - Updater plugin is busy. [1/15]
2021-11-10 19:48:15,869 [INFO] ServerAccessManage:362 - Download File mcusDocs.json._tmp_
2021-11-10 19:48:16,978 [INFO] LoadUrlFilesThread:145 - End of LoadUrlFiles Thread
2021-11-10 19:48:17,046 [INFO] ServerAccessManage:362 - Download File mcusFeaturesAndDescription.json._tmp_
2021-11-10 19:48:18,776 [WARN] MainUpdater:1122 - Updater busy. Cannot search thirdparties
2021-11-10 19:48:18,776 [INFO] ThirdPartyUpdaterWithRetryManager:92 - Updater plugin is busy. [2/15]
2021-11-10 19:48:21,777 [WARN] MainUpdater:1122 - Updater busy. Cannot search thirdparties
2021-11-10 19:48:21,777 [INFO] ThirdPartyUpdaterWithRetryManager:92 - Updater plugin is busy. [3/15]
2021-11-10 19:48:23,282 [INFO] LoadUrlFilesThread:145 - End of LoadUrlFiles Thread
2021-11-10 19:48:24,562 [INFO] ServerAccessManage:362 - Download File boardsDocs.json._tmp_
2021-11-10 19:48:24,680 [INFO] LoadUrlFilesThread:145 - End of LoadUrlFiles Thread
2021-11-10 19:48:24,743 [INFO] ServerAccessManage:362 - Download File boards.json._tmp_
2021-11-10 19:48:24,778 [WARN] MainUpdater:1122 - Updater busy. Cannot search thirdparties
2021-11-10 19:48:24,778 [INFO] ThirdPartyUpdaterWithRetryManager:92 - Updater plugin is busy. [4/15]
2021-11-10 19:48:25,077 [INFO] LoadUrlFilesThread:145 - End of LoadUrlFiles Thread
2021-11-10 19:48:25,151 [INFO] ServerAccessManage:362 - Download File cube-finder-db.zip
2021-11-10 19:48:27,778 [WARN] MainUpdater:1122 - Updater busy. Cannot search thirdparties
2021-11-10 19:48:27,778 [INFO] ThirdPartyUpdaterWithRetryManager:92 - Updater plugin is busy. [5/15]
2021-11-10 19:48:30,779 [WARN] MainUpdater:1122 - Updater busy. Cannot search thirdparties
2021-11-10 19:48:30,779 [INFO] ThirdPartyUpdaterWithRetryManager:92 - Updater plugin is busy. [6/15]
2021-11-10 19:48:33,779 [WARN] MainUpdater:1122 - Updater busy. Cannot search thirdparties
2021-11-10 19:48:33,779 [INFO] ThirdPartyUpdaterWithRetryManager:92 - Updater plugin is busy. [7/15]
2021-11-10 19:48:34,678 [INFO] FileExtend:235 - Unzip File : cube-finder-db.zip
2021-11-10 19:48:34,679 [INFO] FileExtend:250 - Standard Zip Deflate
2021-11-10 19:48:35,121 [INFO] LoadUrlFilesThread:145 - End of LoadUrlFiles Thread
2021-11-10 19:48:36,840 [WARN] PackLoader:238 - Cannot read IP mode file for RoweBots.I-CUBE-UNISONRTOS.5.5.0-4
2021-11-10 19:48:36,851 [WARN] PackLoader:238 - Cannot read IP mode file for STMicroelectronics.X-CUBE-NFC4.2.0.3
2021-11-10 19:48:36,859 [WARN] PackLoader:238 - Cannot read IP mode file for STMicroelectronics.X-CUBE-SFXS2LP1.3.1.0
2021-11-10 19:48:36,871 [WARN] PackLoader:238 - Cannot read IP mode file for STMicroelectronics.X-CUBE-SUBG2.4.2.0
2021-11-10 19:48:36,881 [WARN] PackLoader:238 - Cannot read IP mode file for STMicroelectronics.X-CUBE-ALGOBUILD.1.2.1
2021-11-10 19:48:36,885 [WARN] PackLoader:238 - Cannot read IP mode file for STMicroelectronics.X-CUBE-EEPRMA1.3.1.0
2021-11-10 19:48:36,890 [WARN] PackLoader:238 - Cannot read IP mode file for STMicroelectronics.X-CUBE-GNSS1.5.2.0
2021-11-10 19:48:36,892 [INFO] ThirdParty:915 - Integrity check success = true
2021-11-10 19:48:36,892 [INFO] IntegrityCheckThread:94 - exiting critical section [integrity check]
2021-11-10 19:48:36,892 [INFO] IntegrityCheckThread:97 - End integrity checks thread
2021-11-10 19:48:47,461 [INFO] ServerAccessManage:362 - Download File crdb.zip
2021-11-10 19:48:49,457 [INFO] FileExtend:235 - Unzip File : crdb.zip
2021-11-10 19:48:49,458 [INFO] FileExtend:250 - Standard Zip Deflate
2021-11-10 19:48:49,574 [INFO] LoadUrlFilesThread:145 - End of LoadUrlFiles Thread
2021-11-10 19:48:49,623 [INFO] ServerAccessManage:362 - Download File tutoVideoDB.zip
2021-11-10 19:48:49,668 [INFO] FileExtend:235 - Unzip File : tutoVideoDB.zip
2021-11-10 19:48:49,668 [INFO] FileExtend:250 - Standard Zip Deflate
2021-11-10 19:48:49,779 [INFO] LoadUrlFilesThread:145 - End of LoadUrlFiles Thread
2021-11-10 19:48:49,780 [INFO] DbMcusAds:47 - JSON generation date=Thu Sep 30 19:55:09 NZDT 2021 (1632984909434)
2021-11-10 19:48:49,792 [INFO] DbMcusDocs:143 - JSON generation date=Fri Oct 29 20:56:29 NZDT 2021 (1635494189)
2021-11-10 19:48:49,792 [INFO] DbMcusXml:100 - Load MCU database from C:\ST\STM32CubeIDE_1.7.0\STM32CubeIDE\plugins\com.st.stm32cube.common.mx_6.3.0.202107141111\\db\/mcu/families.xml
2021-11-10 19:48:50,432 [INFO] DbMcusJson:93 - JSON generation date=Fri Oct 29 20:56:29 NZDT 2021 (1635494189)
2021-11-10 19:48:50,969 [INFO] DbMcus:175 - Found 1951 MCUs (1903 are supported by CubeMX, 1905 are visible in CubeMX)
2021-11-10 19:48:50,970 [INFO] ApiDb:242 - User favorites file not found: C:\Users\neil/.stm32cubeide/favorites.mcus.txt
2021-11-10 19:48:50,970 [INFO] DbMcus:187 - Set 0 / 0 favorites MCUs
2021-11-10 19:48:51,458 [INFO] DbMcusDocs:79 - Found 682 MCUs documents
2021-11-10 19:48:51,459 [INFO] ApiDb:276 - Save user favorites file C:\Users\neil/.stm32cubeide/favorites.mcus.txt: 0 item(s)
2021-11-10 19:48:51,460 [INFO] ApiDb:280 - User favorites MCUs=[]
2021-11-10 19:48:51,460 [INFO] DbMcusXml:100 - Load MCU database from C:\ST\STM32CubeIDE_1.7.0\STM32CubeIDE\plugins\com.st.stm32cube.common.mx_6.3.0.202107141111\\db\/mcu/families.xml
2021-11-10 19:48:51,969 [INFO] DbMcusJson:93 - JSON generation date=Fri Oct 29 20:56:29 NZDT 2021 (1635494189)
2021-11-10 19:48:52,393 [INFO] DbMcus:175 - Found 1951 MCUs (1903 are supported by CubeMX, 1905 are visible in CubeMX)
2021-11-10 19:48:52,394 [INFO] ApiDb:251 - Load user favorites file C:\Users\neil/.stm32cubeide/favorites.mcus.txt: 0 item(s)
2021-11-10 19:48:52,394 [INFO] ApiDb:255 - User favorites MCUs=[]
2021-11-10 19:48:52,394 [INFO] DbMcus:187 - Set 0 / 0 favorites MCUs
2021-11-10 19:48:52,399 [INFO] DbBoardsDocs:143 - JSON generation date=Fri Oct 29 20:56:29 NZDT 2021 (1635494189)
2021-11-10 19:48:52,413 [INFO] DbBoardsPdsc:90 - Found 25 items
2021-11-10 19:48:52,421 [INFO] DbBoardsPdsc:90 - Found 9 items
2021-11-10 19:48:52,433 [INFO] DbBoardsPdsc:90 - Found 33 items
2021-11-10 19:48:52,441 [INFO] DbBoardsPdsc:90 - Found 1 items
2021-11-10 19:48:52,455 [INFO] DbBoardsPdsc:90 - Found 48 items
2021-11-10 19:48:52,469 [INFO] DbBoardsPdsc:90 - Found 43 items
2021-11-10 19:48:52,476 [INFO] DbBoardsPdsc:90 - Found 2 items
2021-11-10 19:48:52,483 [INFO] DbBoardsPdsc:90 - Found 5 items
2021-11-10 19:48:52,487 [WARN] DbBoardsPdsc:254 - Board STM32H7B3I-DK: unknown feature type=Audio, name=, username=Audio stereo codec with Headphone Amp (CS42L51-CNZ), n=1
2021-11-10 19:48:52,488 [WARN] DbBoardsPdsc:254 - Board STM32H735G-DK: unknown feature type=Audio, name=, username=Audio stereo codec with Headphone Amp (WM8994ECS/R), n=1
2021-11-10 19:48:52,489 [WARN] DbBoardsPdsc:254 - Board STM32H7B3I-EVAL: unknown feature type=Audio, name=, username=Multi-Channel Audio Codec (CS42L51-CNZ), n=1
2021-11-10 19:48:52,489 [WARN] DbBoardsPdsc:254 - Board STM32H7B3I-EVAL: unknown feature type=Meter, name=, username=Power-metering and Temperature-monitoring with sigma-delta modulators, n=1
2021-11-10 19:48:52,489 [WARN] DbBoardsPdsc:254 - Board STM32H7B3I-EVAL: unknown feature type=Motor, name=, username=Motor Control, n=1
2021-11-10 19:48:52,489 [WARN] DbBoardsPdsc:254 - Board STM32U575I-EV: unknown feature type=joystick, name=, username=4-direction joystick with selection button, n=1
2021-11-10 19:48:52,516 [INFO] DbBoardsJson:86 - JSON generation date=Fri Oct 29 20:56:29 NZDT 2021 (1635494189)
2021-11-10 19:48:52,525 [INFO] DbBoards:117 - Found 167 boards (163 are supported by CubeMX)
2021-11-10 19:48:52,528 [INFO] DbBoardsDocs:143 - JSON generation date=Fri Oct 29 20:56:29 NZDT 2021 (1635494189)
2021-11-10 19:48:52,534 [INFO] DbBoardsDocs:79 - Found 209 boards documents
2021-11-10 19:48:52,535 [WARN] DbBoards:127 - board B-L475E-IOT01A2 has no document id list !
2021-11-10 19:48:52,536 [WARN] DbBoards:127 - board NUCLEO-H743ZI has no document id list !
2021-11-10 19:48:52,538 [WARN] DbBoards:127 - board NUCLEO-WL55JC2 has no document id list !
2021-11-10 19:48:52,538 [WARN] DbBoards:127 - board P-NUCLEO-WB55-Nucleo has no document id list !
2021-11-10 19:48:52,538 [WARN] DbBoards:127 - board P-NUCLEO-WB55-USBDongle has no document id list !
2021-11-10 19:48:52,538 [WARN] DbBoards:127 - board STEVAL-BFA001V1B has no document id list !
2021-11-10 19:48:52,538 [WARN] DbBoards:127 - board STEVAL-BFA001V2B has no document id list !
2021-11-10 19:48:52,538 [WARN] DbBoards:127 - board STEVAL-IDP005V1 has no document id list !
2021-11-10 19:48:52,538 [WARN] DbBoards:127 - board STEVAL-IDP005V2 has no document id list !
2021-11-10 19:48:52,538 [WARN] DbBoards:127 - board STEVAL-MKSBOX1V1 has no document id list !
2021-11-10 19:48:52,538 [WARN] DbBoards:127 - board STEVAL-STWINKT1 has no document id list !
2021-11-10 19:48:52,538 [WARN] DbBoards:127 - board STEVAL-STWINKT1B has no document id list !
2021-11-10 19:48:52,539 [WARN] DbBoards:127 - board STM32439I-EVAL2 has no document id list !
2021-11-10 19:48:52,539 [WARN] DbBoards:127 - board STM32F401C-DISCO has no document id list !
2021-11-10 19:48:52,540 [WARN] DbBoards:127 - board STM32F769I-DISC1 has no document id list !
2021-11-10 19:48:52,540 [WARN] DbBoards:127 - board STM32G474E-EVAL1 has no document id list !
2021-11-10 19:48:52,540 [WARN] DbBoards:127 - board STM32H743I-EVAL2 has no document id list !
2021-11-10 19:48:52,541 [WARN] DbBoards:127 - board STM32H747I-DISC1 has no document id list !
2021-11-10 19:48:52,541 [WARN] DbBoards:127 - board STM32H753I-EVAL2 has no document id list !
2021-11-10 19:48:52,541 [WARN] DbBoards:127 - board STM32L-DISCOVERY has no document id list !
2021-11-10 19:48:52,688 [ERROR] DbBoards:189 - Image file not found for board B-U585I-IOT02A: C:\ST\STM32CubeIDE_1.7.0\STM32CubeIDE\plugins\com.st.stm32cube.common.mx_6.3.0.202107141111\\db\/plugins/mcufinder/images/boards/B-U585I-IOT02A_small.jpg
2021-11-10 19:48:54,272 [INFO] ApiDb:242 - User favorites file not found: C:\Users\neil/.stm32cubeide/favorites.boards.txt
2021-11-10 19:48:54,273 [INFO] DbBoards:206 - Set 0 / 0 favorites Boards
2021-11-10 19:48:54,275 [INFO] DbBoardsDocs:79 - Found 418 boards documents
2021-11-10 19:48:54,276 [INFO] ApiDb:276 - Save user favorites file C:\Users\neil/.stm32cubeide/favorites.boards.txt: 0 item(s)
2021-11-10 19:48:54,276 [INFO] ApiDb:280 - User favorites Boards=[]
2021-11-10 19:48:54,278 [INFO] DbBoardsPdsc:90 - Found 25 items
2021-11-10 19:48:54,279 [INFO] DbBoardsPdsc:90 - Found 9 items
2021-11-10 19:48:54,281 [INFO] DbBoardsPdsc:90 - Found 33 items
2021-11-10 19:48:54,282 [INFO] DbBoardsPdsc:90 - Found 1 items
2021-11-10 19:48:54,287 [INFO] DbBoardsPdsc:90 - Found 48 items
2021-11-10 19:48:54,291 [INFO] DbBoardsPdsc:90 - Found 43 items
2021-11-10 19:48:54,292 [INFO] DbBoardsPdsc:90 - Found 2 items
2021-11-10 19:48:54,293 [INFO] DbBoardsPdsc:90 - Found 5 items
2021-11-10 19:48:54,295 [WARN] DbBoardsPdsc:254 - Board STM32H7B3I-DK: unknown feature type=Audio, name=, username=Audio stereo codec with Headphone Amp (CS42L51-CNZ), n=1
2021-11-10 19:48:54,295 [WARN] DbBoardsPdsc:254 - Board STM32H735G-DK: unknown feature type=Audio, name=, username=Audio stereo codec with Headphone Amp (WM8994ECS/R), n=1
2021-11-10 19:48:54,296 [WARN] DbBoardsPdsc:254 - Board STM32H7B3I-EVAL: unknown feature type=Audio, name=, username=Multi-Channel Audio Codec (CS42L51-CNZ), n=1
2021-11-10 19:48:54,296 [WARN] DbBoardsPdsc:254 - Board STM32H7B3I-EVAL: unknown feature type=Meter, name=, username=Power-metering and Temperature-monitoring with sigma-delta modulators, n=1
2021-11-10 19:48:54,296 [WARN] DbBoardsPdsc:254 - Board STM32H7B3I-EVAL: unknown feature type=Motor, name=, username=Motor Control, n=1
2021-11-10 19:48:54,297 [WARN] DbBoardsPdsc:254 - Board STM32U575I-EV: unknown feature type=joystick, name=, username=4-direction joystick with selection button, n=1
2021-11-10 19:48:54,321 [INFO] DbBoardsJson:86 - JSON generation date=Fri Oct 29 20:56:29 NZDT 2021 (1635494189)
2021-11-10 19:48:54,325 [INFO] DbBoards:117 - Found 167 boards (163 are supported by CubeMX)
2021-11-10 19:48:54,325 [WARN] DbBoards:127 - board B-L475E-IOT01A2 has no document id list !
2021-11-10 19:48:54,326 [WARN] DbBoards:127 - board NUCLEO-H743ZI has no document id list !
2021-11-10 19:48:54,326 [WARN] DbBoards:127 - board NUCLEO-WL55JC2 has no document id list !
2021-11-10 19:48:54,327 [WARN] DbBoards:127 - board P-NUCLEO-WB55-Nucleo has no document id list !
2021-11-10 19:48:54,327 [WARN] DbBoards:127 - board P-NUCLEO-WB55-USBDongle has no document id list !
2021-11-10 19:48:54,327 [WARN] DbBoards:127 - board STEVAL-BFA001V1B has no document id list !
2021-11-10 19:48:54,327 [WARN] DbBoards:127 - board STEVAL-BFA001V2B has no document id list !
2021-11-10 19:48:54,327 [WARN] DbBoards:127 - board STEVAL-IDP005V1 has no document id list !
2021-11-10 19:48:54,327 [WARN] DbBoards:127 - board STEVAL-IDP005V2 has no document id list !
2021-11-10 19:48:54,327 [WARN] DbBoards:127 - board STEVAL-MKSBOX1V1 has no document id list !
2021-11-10 19:48:54,327 [WARN] DbBoards:127 - board STEVAL-STWINKT1 has no document id list !
2021-11-10 19:48:54,327 [WARN] DbBoards:127 - board STEVAL-STWINKT1B has no document id list !
2021-11-10 19:48:54,327 [WARN] DbBoards:127 - board STM32439I-EVAL2 has no document id list !
2021-11-10 19:48:54,327 [WARN] DbBoards:127 - board STM32F401C-DISCO has no document id list !
2021-11-10 19:48:54,327 [WARN] DbBoards:127 - board STM32F769I-DISC1 has no document id list !
2021-11-10 19:48:54,327 [WARN] DbBoards:127 - board STM32G474E-EVAL1 has no document id list !
2021-11-10 19:48:54,327 [WARN] DbBoards:127 - board STM32H743I-EVAL2 has no document id list !
2021-11-10 19:48:54,327 [WARN] DbBoards:127 - board STM32H747I-DISC1 has no document id list !
2021-11-10 19:48:54,327 [WARN] DbBoards:127 - board STM32H753I-EVAL2 has no document id list !
2021-11-10 19:48:54,328 [WARN] DbBoards:127 - board STM32L-DISCOVERY has no document id list !
2021-11-10 19:48:54,408 [ERROR] DbBoards:189 - Image file not found for board B-U585I-IOT02A: C:\ST\STM32CubeIDE_1.7.0\STM32CubeIDE\plugins\com.st.stm32cube.common.mx_6.3.0.202107141111\\db\/plugins/mcufinder/images/boards/B-U585I-IOT02A_small.jpg
2021-11-10 19:48:55,359 [INFO] ApiDb:251 - Load user favorites file C:\Users\neil/.stm32cubeide/favorites.boards.txt: 0 item(s)
2021-11-10 19:48:55,360 [INFO] ApiDb:255 - User favorites Boards=[]
2021-11-10 19:48:55,360 [INFO] DbBoards:206 - Set 0 / 0 favorites Boards
2021-11-10 19:48:55,409 [INFO] ServerAccessManage:362 - Download File 
2021-11-10 19:48:55,446 [INFO] LoadUrlFilesThread:172 - End of LoadServerUrlFiles without Thread
2021-11-10 19:48:55,446 [INFO] TargetSelectorAdapter:224 - Refresh data is successful
2021-11-10 19:48:55,520 [INFO] ApiDb:479 - Connected to CubeFinder SQLite database (C:\Users\neil\.stmcufinder\plugins\mcufinder\mcu\cube-finder-db.db)
2021-11-10 19:48:56,103 [INFO] DbExamplesSqlite:411 - Ignored 16 examples not supported by CubeIDE
2021-11-10 19:48:56,103 [INFO] DbExamplesSqlite:412 - Found 5811 examples active
2021-11-10 19:48:56,103 [INFO] DbExamplesSqlite:413 - Found 0 examples obsolete
2021-11-10 19:48:56,104 [INFO] DbExamplesSqlite:414 - Found 0 examples under development
2021-11-10 19:48:56,104 [INFO] DbExamplesSqlite:415 - Found 83 examples not building
2021-11-10 19:48:56,120 [INFO] DbExamplesSqlite:108 - CubeFinder database Data Model version=2.1
2021-11-10 19:48:56,120 [INFO] DbExamplesSqlite:109 - CubeFinder database Configuration version=3.0.14
2021-11-10 19:48:56,120 [INFO] DbExamplesSqlite:110 - CubeFinder database generation date=2021-10-27 (1635247417)
2021-11-10 19:48:56,120 [INFO] DbExamplesSqlite:111 - CubeFinder database FW Pack versions=[STM32Cube_FW_F4_V1.26.2, STM32Cube_FW_F7_V1.16.1, STM32Cube_FW_G0_V1.5.0, STM32Cube_FW_G4_V1.4.0, STM32Cube_FW_H7_V1.9.0, STM32Cube_FW_L5_V1.4.0, STM32Cube_FW_U5_V1.0.2, STM32Cube_FW_WB_V1.12.1, STM32Cube_FW_WL_V1.1.0, X-CUBE-ALS_V1.0.1, X-CUBE-AZRTOS-F4_V1.0.0, X-CUBE-AZRTOS-H7_V2.0.0, X-CUBE-AZRTOS-L4_V1.0.0, X-CUBE-BLE1_V6.2.1, X-CUBE-BLE2_V3.2.1, X-CUBE-EEPRMA1_V3.1.0, X-CUBE-GNSS1_V5.2.0, X-CUBE-NFC4_V2.0.3, X-CUBE-SFXS2LP1_V3.1.0, X-CUBE-SUBG2_V4.2.0]
2021-11-10 19:48:56,121 [INFO] DbExamples:130 - Found 5878 examples
2021-11-10 19:48:56,654 [ERROR] DbExamples:206 - Found 5878 examples with invalid data (board or MCU)
2021-11-10 19:48:56,654 [INFO] DbExamples:222 - Found 74 boards with related examples
2021-11-10 19:48:56,654 [INFO] DbExamples:235 - Found 0 MCUs with related examples
2021-11-10 19:48:56,670 [INFO] ApiDb:242 - User favorites file not found: C:\Users\neil/.stm32cubeide/favorites.examples.txt
2021-11-10 19:48:56,671 [INFO] DbExamples:256 - Set 0 / 0 favorites Examples
2021-11-10 19:48:56,873 [INFO] McuFinderGlobals:52 - Set McuFinderConnectedMode to false
2021-11-10 19:48:56,939 [INFO] CrossSelectorPresenter:1330 - Cross Selector saved comparison directory: C:\Users\neil\.stmcufinder\plugins\mcufinder\mcu\cs_comparisons_mx
2021-11-10 19:48:56,943 [INFO] MultiScanPanel:197 - Auto-refresh data requested => check proxy status ongoing
2021-11-10 19:48:56,943 [INFO] MultiScanPanel:201 - Proxy status is invalid
2021-11-10 19:48:56,945 [INFO] FinderPluginLoader:87 - Searching for filters in installed packs
2021-11-10 19:48:57,311 [INFO] DetailPanel:309 - Set advertising image to C:/Users/neil/STM32Cube/Repository/\en.Prom_NBSTM32U50921.jpg
2021-11-10 19:49:10,800 [INFO] MultiScanPanel:197 - Auto-refresh data requested => check proxy status ongoing
2021-11-10 19:49:10,800 [INFO] MultiScanPanel:201 - Proxy status is invalid
2021-11-10 19:49:10,838 [INFO] DetailPanel:309 - Set advertising image to C:/Users/neil/STM32Cube/Repository/\en.Prom_NBSTM32U50921.jpg
2021-11-10 19:49:59,743 [INFO] McuFinderGlobals:52 - Set McuFinderConnectedMode to true
2021-11-10 19:49:59,744 [INFO] ApiDb:276 - Save user favorites file C:\Users\neil/.stm32cubeide/favorites.mcus.txt: 0 item(s)
2021-11-10 19:49:59,745 [INFO] ApiDb:280 - User favorites MCUs=[]
2021-11-10 19:49:59,745 [INFO] ApiDb:276 - Save user favorites file C:\Users\neil/.stm32cubeide/favorites.boards.txt: 0 item(s)
2021-11-10 19:49:59,746 [INFO] ApiDb:280 - User favorites Boards=[]
